14:06:24.437 [main] INFO  resources.base - This test is Failed as : Announcement is not created as Failed
14:07:47.231 [main] INFO  resources.base - This test is passed as : Test1236169 is created
14:07:52.572 [main] INFO  resources.base - This test is passed as : Test1236169 is Approved
15:55:00.331 [main] INFO  resources.base - This test is Failed as : Announcement is not created as Failed
15:57:48.580 [main] INFO  resources.base - This test is Failed as : Announcement is not created as Failed
16:28:45.332 [main] INFO  resources.base - This test is passed as : Announcement is Created
16:28:45.336 [main] INFO  resources.base - This test is passed as : Announcement is Approved
16:32:23.032 [main] INFO  resources.base - This test is passed as : Announcement is Created
16:32:23.036 [main] INFO  resources.base - This test is passed as : Announcement is Approved
16:33:45.352 [main] INFO  resources.base - This test is passed as : Test1233934 is created
16:33:50.726 [main] INFO  resources.base - This test is passed as : Test1233934 is Approved
16:38:30.948 [main] INFO  resources.base - This test is passed as : Announcement is Created
16:38:30.952 [main] INFO  resources.base - This test is passed as : Announcement is Approved
16:39:47.064 [main] INFO  resources.base - This test is passed as : Test1237739 is created
16:39:52.451 [main] INFO  resources.base - This test is passed as : Test1237739 is Approved
17:19:35.340 [main] INFO  resources.base - This test is passed as : Announcement is Created
17:19:35.345 [main] INFO  resources.base - This test is passed as : Announcement is Approved
17:20:58.895 [main] INFO  resources.base - This test is Failed as : Test1230 is not created as Failed
13:01:19.045 [main] INFO  resources.base - This test is Failed as : Announcement is not created as Failed
13:15:50.076 [main] INFO  resources.base - This test is Failed as : Announcement is not created as Failed
13:21:33.543 [main] INFO  resources.base - This test is Failed as : Announcement is not created as Failed
14:00:23.382 [main] INFO  resources.base - This test is Failed as : Test1235085 is not created as Failed
15:50:53.608 [main] INFO  resources.base - This test is Failed as : Announcement is not created as Failed
15:55:20.043 [main] INFO  resources.base - This test is Failed as : Announcement is not created as Failed
15:59:11.084 [main] INFO  resources.base - This test is Failed as : Announcement is not created as Failed
16:10:02.772 [main] INFO  resources.base - This test is Failed as : Announcement is not created as Failed
16:21:34.235 [main] INFO  resources.base - This test is passed as : Announcement is Created
16:21:34.248 [main] INFO  resources.base - This test is passed as : Announcement is Approved
16:21:34.535 [main] INFO  resources.base - This test is Failed as : Announcement is not created as Failed
16:46:47.469 [main] INFO  resources.base - This test is Failed as : Announcement is not created as Failed
16:53:51.188 [main] INFO  resources.base - This test is passed as : Announcement is Created
16:53:51.230 [main] INFO  resources.base - This test is passed as : Announcement is Approved
16:57:38.318 [main] INFO  resources.base - This test is Failed as : Announcement is not created as Failed
15:37:21.616 [main] INFO  resources.base - This test is Failed as : Announcement is not created as Failed
15:49:20.286 [main] INFO  resources.base - This test is Failed as : Announcement is not created as Failed
15:52:42.851 [main] INFO  resources.base - This test is passed as : Announcement is Created
15:52:44.638 [main] INFO  resources.base - This test is passed as : Announcement is Approved
15:56:04.092 [main] INFO  resources.base - This test is passed as : Announcement is Created
15:56:04.146 [main] INFO  resources.base - This test is passed as : Announcement is Approved
16:16:55.090 [main] INFO  resources.base - This test is passed as : Announcement is Created
16:16:55.478 [main] INFO  resources.base - This test is passed as : Announcement is Approved
16:18:42.767 [main] INFO  resources.base - This test is Failed as : Announcement is not created as Failed
16:30:02.548 [main] INFO  resources.base - This test is passed as : Announcement is Created
16:30:02.602 [main] INFO  resources.base - This test is passed as : Announcement is Approved
16:30:03.295 [main] INFO  resources.base - This test is Failed as : Announcement is not created as Failed
16:31:18.715 [main] INFO  resources.base - This test is passed as : Announcement is Created
16:31:18.761 [main] INFO  resources.base - This test is passed as : Announcement is Approved
16:31:30.330 [main] INFO  resources.base - This test is Failed as : Announcement is not created as Failed
16:36:53.484 [main] INFO  resources.base - This test is passed as : Announcement is Created
16:36:53.698 [main] INFO  resources.base - This test is passed as : Announcement is Approved
16:37:09.345 [main] INFO  resources.base - This test is Failed as : Announcement is not created as Failed
